[      75ms] [INFO] %cDownload the React DevTools for a better development experience: https://react.dev/link/react-devtools font-weight:bold @ http://localhost:3000/_next/static/chunks/node_modules_next_dist_115brz8._.js:2431
[     122ms] [LOG] [HMR] connected @ http://localhost:3000/_next/static/chunks/node_modules_next_dist_115brz8._.js:2431
[     142ms] [ERROR] Failed to load resource: the server responded with a status of 404 (Not Found) @ http://localhost:3000/favicon.ico:0
[     165ms] [ERROR] In HTML, %s cannot be a descendant of <%s>.
This will cause a hydration error.%s <a> a 

  ...
    <ErrorBoundary errorComponent={undefined} errorStyles={undefined} errorScripts={undefined}>
      <LoadingBoundary name="eventos/" loading={null}>
        <HTTPAccessFallbackBoundary notFound={undefined} forbidden={undefined} unauthorized={undefined}>
          <RedirectBoundary>
            <RedirectErrorBoundary router={{...}}>
              <InnerLayoutRouter url="/eventos" tree={[...]} params={{}} cacheNode={{rsc:{...}, ...}} segmentPath={[...]} ...>
                <SegmentViewNode type="page" pagePath="eventos/pa...">
                  <SegmentTrieNode>
                  <ClientPageRoot Component={function EventosPage} serverProvidedParams={{...}}>
                    <EventosPage params={Promise} searchParams={Promise}>
                      <div>
                        <div>
                        <div>
                        <div className="space-y-4">
                          <LinkComponent href="/eventos/1" className="block bg-w...">
>                           <a
>                             className="block bg-white border rounded-lg p-4 hover:shadow-md transition-shadow"
>                             ref={function}
>                             onClick={function onClick}
>                             onMouseEnter={function onMouseEnter}
>                             onTouchStart={function onTouchStart}
>                             href="/eventos/1"
>                           >
                              ...
                                <div className="flex flex-...">
                                  <span>
                                  <LinkComponent href="/eventos/1" className="text-indig...">
>                                   <a
>                                     className="text-indigo-600 hover:text-indigo-700 font-medium"
>                                     ref={function}
>                                     onClick={function onClick}
>                                     onMouseEnter={function onMouseEnter}
>                                     onTouchStart={function onTouchStart}
>                                     href="/eventos/1"
>                                   >
                          ...
                ...
              ...
 @ http://localhost:3000/_next/static/chunks/node_modules_next_dist_115brz8._.js:3272
[     165ms] [ERROR] <%s> cannot contain a nested %s.
See this log for the ancestor stack trace. a <a> @ http://localhost:3000/_next/static/chunks/node_modules_next_dist_115brz8._.js:3272
